<?xml version="1.0" encoding="UTF-8"?>
<!-- Generated by org.testng.reporters.JUnitReportReporter -->
<testsuite hostname="WB056601251" name="com.example.tests.ContactCreationTests" tests="2" failures="0" timestamp="19 Apr 2015 15:23:07 GMT" time="13.593" errors="0">
  <testcase name="EmptyContactCreation" time="6.606" classname="com.example.tests.ContactCreationTests"/>
  <testcase name="nonEmptyContactCreation" time="6.987" classname="com.example.tests.ContactCreationTests"/>
</testsuite> <!-- com.example.tests.ContactCreationTests -->
