<?xml version="1.0" encoding="UTF-8"?>
<!-- Generated by org.testng.reporters.JUnitReportReporter -->
<testsuite hostname="WB056601251" name="com.example.tests.ContactGroupCreationTests" tests="1" failures="0" timestamp="19 Apr 2015 12:42:47 GMT" time="3.009" errors="0">
  <testcase name="testNonEmptyGroupCreation" time="3.009" classname="com.example.tests.ContactGroupCreationTests"/>
</testsuite> <!-- com.example.tests.ContactGroupCreationTests -->
