<?xml version="1.0" encoding="UTF-8"?>
<!-- Generated by org.testng.reporters.JUnitReportReporter -->
<testsuite hostname="WB056601251" name="com.example.tests.AlsofGroupCreationTests" tests="2" failures="0" timestamp="19 Apr 2015 15:42:59 GMT" time="14.555" errors="0">
  <testcase name="EmptyContactCreation" time="7.540" classname="com.example.tests.AlsofGroupCreationTests"/>
  <testcase name="nonEmptyContactCreation" time="7.015" classname="com.example.tests.AlsofGroupCreationTests"/>
</testsuite> <!-- com.example.tests.AlsofGroupCreationTests -->
