<?xml version="1.0" encoding="UTF-8"?>
<!-- Generated by org.testng.reporters.JUnitReportReporter -->
<testsuite hostname="WB056601251" name="com.example.tests.GroupCreationTests" tests="1" failures="0" timestamp="19 Apr 2015 09:17:24 GMT" time="2.677" errors="0">
  <testcase name="testEmptyGroupCreation" time="2.677" classname="com.example.tests.GroupCreationTests"/>
</testsuite> <!-- com.example.tests.GroupCreationTests -->
