<?xml version="1.0" encoding="UTF-8"?>
<!-- Generated by org.testng.reporters.JUnitReportReporter -->
<testsuite hostname="WB056601251" name="com.example.tests.AlsofGroupCreationTests" tests="1" failures="0" timestamp="19 Apr 2015 09:17:24 GMT" time="14.107" errors="0">
  <testcase name="testNonEmptyGroupCreation" time="14.107" classname="com.example.tests.AlsofGroupCreationTests"/>
</testsuite> <!-- com.example.tests.AlsofGroupCreationTests -->
