<?xml version="1.0" encoding="UTF-8"?>
<!-- Generated by org.testng.reporters.JUnitReportReporter -->
<testsuite hostname="WB056601251" name="com.example.tests.GroupCreationTests" tests="2" failures="0" timestamp="18 Apr 2015 20:10:38 GMT" time="5.910" errors="0">
  <testcase name="testNonEmptyGroupCreation" time="3.201" classname="com.example.tests.GroupCreationTests"/>
  <testcase name="testEmptyGroupCreation" time="2.709" classname="com.example.tests.GroupCreationTests"/>
</testsuite> <!-- com.example.tests.GroupCreationTests -->
