<?xml version="1.0" encoding="UTF-8"?>
<!-- Generated by org.testng.reporters.JUnitReportReporter -->
<testsuite hostname="WB056601251" name="com.example.tests.AlsofGroupCreationTests" tests="2" failures="0" timestamp="18 Apr 2015 20:10:38 GMT" time="5.910" errors="0">
  <testcase name="testNonEmptyGroupCreation" time="2.909" classname="com.example.tests.AlsofGroupCreationTests"/>
  <testcase name="testEmptyGroupCreation" time="3.001" classname="com.example.tests.AlsofGroupCreationTests"/>
</testsuite> <!-- com.example.tests.AlsofGroupCreationTests -->
