<?xml version="1.0" encoding="UTF-8"?>
<!-- Generated by org.testng.reporters.JUnitReportReporter -->
<testsuite hostname="WB056601251" name="com.example.tests.GroupCreationTests" tests="2" failures="0" timestamp="19 Apr 2015 15:42:59 GMT" time="6.238" errors="0">
  <testcase name="testNonEmptyGroupCreation" time="2.937" classname="com.example.tests.GroupCreationTests"/>
  <testcase name="testEmptyGroupCreation" time="3.301" classname="com.example.tests.GroupCreationTests"/>
</testsuite> <!-- com.example.tests.GroupCreationTests -->
